<?xml version="1.0" encoding="UTF-8"?>
<!-- Generated by org.testng.reporters.JUnitReportReporter -->
<testsuite hostname="Simge-MacBook-Air.local" failures="0" tests="2" name="TestNG.AddProductsFromDifferentStores" time="235.284" errors="0" timestamp="27 Eki 2022 13:10:10 GMT" skipped="0">
  <testcase classname="TestNG.AddProductsFromDifferentStores" name="addProductsFromDifferentStoresWithoutLogin" time="117.301"/>
  <testcase classname="TestNG.AddProductsFromDifferentStores" name="addProductsFromDifferentStoresWithLogin" time="117.983"/>
</testsuite> <!-- TestNG.AddProductsFromDifferentStores -->
