<?xml version="1.0" encoding="UTF-8"?>
<!-- Generated by org.testng.reporters.JUnitReportReporter -->
<testsuite hostname="Simge-MacBook-Air.local" failures="0" tests="2" name="TestNG.AddProductsFromDifferentStores" time="216.999" errors="0" timestamp="27 Eki 2022 09:36:41 GMT" skipped="0">
  <testcase classname="TestNG.AddProductsFromDifferentStores" name="addProductsFromDifferentStoresWithoutLogin" time="100.393"/>
  <testcase classname="TestNG.AddProductsFromDifferentStores" name="addProductsFromDifferentStoresWithLogin" time="116.606"/>
</testsuite> <!-- TestNG.AddProductsFromDifferentStores -->
