<?xml version="1.0" encoding="UTF-8"?>
<!-- Generated by org.testng.reporters.JUnitReportReporter -->
<testsuite hostname="Simge-MacBook-Air.local" failures="0" tests="2" name="TestNG.AddProductsFromDifferentStores" time="255.374" errors="0" timestamp="2022-10-31T17:22:10 TRT" skipped="0">
  <testcase classname="TestNG.AddProductsFromDifferentStores" name="addProductsFromDifferentStoresWithoutLogin" time="121.538"/>
  <system-out/>
  <testcase classname="TestNG.AddProductsFromDifferentStores" name="addProductsFromDifferentStoresWithLogin" time="133.836"/>
  <system-out/>
</testsuite> <!-- TestNG.AddProductsFromDifferentStores -->
