<?xml version="1.0" encoding="UTF-8"?>
<!-- Generated by org.testng.reporters.JUnitReportReporter -->
<testsuite hostname="Simge-MacBook-Air.local" failures="0" tests="1" name="TestNG.AddProductsFromDifferentStoresWithLogin" time="108.562" errors="0" timestamp="2022-11-01T17:44:30 TRT" skipped="0">
  <testcase classname="TestNG.AddProductsFromDifferentStoresWithLogin" name="addProductsFromDifferentStoresWithLogin" time="108.562"/>
  <system-out/>
</testsuite> <!-- TestNG.AddProductsFromDifferentStoresWithLogin -->
