<?xml version="1.0" encoding="UTF-8"?>
<!-- Generated by org.testng.reporters.JUnitReportReporter -->
<testsuite hostname="Simge-MacBook-Air.local" failures="0" tests="1" name="TestNG.AddProductsFromDifferentStoresWithLogin" time="103.138" errors="0" timestamp="2022-11-02T10:39:50 TRT" skipped="0">
  <testcase classname="TestNG.AddProductsFromDifferentStoresWithLogin" name="addProductsFromDifferentStoresWithLogin" time="103.138"/>
  <system-out/>
</testsuite> <!-- TestNG.AddProductsFromDifferentStoresWithLogin -->
