<?xml version="1.0" encoding="UTF-8"?>
<!-- Generated by org.testng.reporters.JUnitReportReporter -->
<testsuite hostname="Simge-MacBook-Air.local" failures="0" tests="1" name="TestNG.AddProductsFromDifferentStoresWithoutLogin" time="88.662" errors="0" timestamp="2022-11-02T10:39:50 TRT" skipped="0">
  <testcase classname="TestNG.AddProductsFromDifferentStoresWithoutLogin" name="addProductsFromDifferentStoresWithoutLogin" time="88.662"/>
  <system-out/>
</testsuite> <!-- TestNG.AddProductsFromDifferentStoresWithoutLogin -->
